<?xml version="1.0" encoding="UTF-8"?>
<!-- Generated by org.testng.reporters.JUnitReportReporter -->
<testsuite hostname="Shagars-MBP.lan" failures="0" tests="3" name="runner.TestRunner" time="59.793" errors="0" timestamp="29 Oct 2023 18:04:36 GMT" skipped="0">
  <testcase classname="runner.TestRunner" name="runScenario" time="26.136"/>
  <testcase classname="runner.TestRunner" name="runScenario" time="18.508"/>
  <testcase classname="runner.TestRunner" name="runScenario" time="15.149"/>
</testsuite> <!-- runner.TestRunner -->
