<?xml version="1.0" encoding="UTF-8"?>
<!-- Generated by org.testng.reporters.JUnitReportReporter -->
<testsuite hostname="Shagars-MBP.lan" failures="0" tests="3" name="runner.TestRunner" time="26.167" errors="0" timestamp="07 Oct 2023 19:31:22 GMT" skipped="0">
  <testcase classname="runner.TestRunner" name="runScenario" time="11.481"/>
  <testcase classname="runner.TestRunner" name="runScenario" time="7.475"/>
  <testcase classname="runner.TestRunner" name="runScenario" time="7.211"/>
</testsuite> <!-- runner.TestRunner -->
